[debug] [2023-11-01T10:28:32.452Z] ----------------------------------------------------------------------
[debug] [2023-11-01T10:28:32.456Z] Command:       C:\Program Files\nodejs\node.exe C:\Users\DELL\AppData\Roaming\npm\node_modules\firebase-tools\lib\bin\firebase.js init
[debug] [2023-11-01T10:28:32.456Z] CLI Version:   12.8.0
[debug] [2023-11-01T10:28:32.456Z] Platform:      win32
[debug] [2023-11-01T10:28:32.457Z] Node Version:  v20.9.0
[debug] [2023-11-01T10:28:32.457Z] Time:          Wed Nov 01 2023 15:58:32 GMT+0530 (India Standard Time)
[debug] [2023-11-01T10:28:32.457Z] ----------------------------------------------------------------------
[debug] 
[debug] [2023-11-01T10:28:32.462Z] > command requires scopes: ["email","openid","https://www.googleapis.com/auth/cloudplatformprojects.readonly","https://www.googleapis.com/auth/firebase","https://www.googleapis.com/auth/cloud-platform"]
[debug] [2023-11-01T10:28:32.462Z] > authorizing via signed-in user (warp.rx@gmail.com)
[info] 
     ######## #### ########  ######## ########     ###     ######  ########
     ##        ##  ##     ## ##       ##     ##  ##   ##  ##       ##
     ######    ##  ########  ######   ########  #########  ######  ######
     ##        ##  ##    ##  ##       ##     ## ##     ##       ## ##
     ##       #### ##     ## ######## ########  ##     ##  ######  ########

You're about to initialize a Firebase project in this directory:

  D:\ExploreExtend

[info] 
=== Project Setup
[info] 
[info] First, let's associate this project directory with a Firebase project.
[info] You can create multiple project aliases by running firebase use --add, 
[info] but for now we'll just set up a default project.
[info] 
[debug] [2023-11-01T10:28:40.242Z] >>> [apiv2][query] GET https://firebase.googleapis.com/v1beta1/projects pageSize=100
[debug] [2023-11-01T10:28:41.293Z] <<< [apiv2][status] GET https://firebase.googleapis.com/v1beta1/projects 200
[debug] [2023-11-01T10:28:41.294Z] <<< [apiv2][body] GET https://firebase.googleapis.com/v1beta1/projects [omitted]
[info] i  Using project extendexplore-f513a (ExtendExplore) 
[info] 
=== Database Setup
[info] i  database: ensuring required API firebasedatabase.googleapis.com is enabled... 
[debug] [2023-11-01T10:28:42.398Z] >>> [apiv2][query] GET https://serviceusage.googleapis.com/v1/projects/extendexplore-f513a/services/firebasedatabase.googleapis.com [none]
[debug] [2023-11-01T10:28:42.398Z] >>> [apiv2][(partial)header] GET https://serviceusage.googleapis.com/v1/projects/extendexplore-f513a/services/firebasedatabase.googleapis.com x-goog-quota-user=projects/extendexplore-f513a
[debug] [2023-11-01T10:28:44.287Z] <<< [apiv2][status] GET https://serviceusage.googleapis.com/v1/projects/extendexplore-f513a/services/firebasedatabase.googleapis.com 200
[debug] [2023-11-01T10:28:44.287Z] <<< [apiv2][body] GET https://serviceusage.googleapis.com/v1/projects/extendexplore-f513a/services/firebasedatabase.googleapis.com [omitted]
[info] +  database: required API firebasedatabase.googleapis.com is enabled 
[info] 
[debug] [2023-11-01T10:28:44.288Z] >>> [apiv2][query] GET https://firebasedatabase.googleapis.com/v1beta/projects/extendexplore-f513a/locations/-/instances/extendexplore-f513a-default-rtdb [none]
[debug] [2023-11-01T10:28:46.257Z] <<< [apiv2][status] GET https://firebasedatabase.googleapis.com/v1beta/projects/extendexplore-f513a/locations/-/instances/extendexplore-f513a-default-rtdb 200
[debug] [2023-11-01T10:28:46.257Z] <<< [apiv2][body] GET https://firebasedatabase.googleapis.com/v1beta/projects/extendexplore-f513a/locations/-/instances/extendexplore-f513a-default-rtdb {"name":"projects/1041252701951/locations/asia-southeast1/instances/extendexplore-f513a-default-rtdb","project":"projects/1041252701951","databaseUrl":"https://extendexplore-f513a-default-rtdb.asia-southeast1.firebasedatabase.app","type":"DEFAULT_DATABASE","state":"ACTIVE"}
[info] 
[info] Firebase Realtime Database Security Rules allow you to define how your data should be
[info] structured and when your data can be read from and written to.
[info] 
[debug] [2023-11-01T10:28:47.933Z] >>> [apiv2][query] GET https://extendexplore-f513a-default-rtdb.asia-southeast1.firebasedatabase.app/.settings/rules.json [none]
[debug] [2023-11-01T10:28:48.198Z] <<< [apiv2][status] GET https://extendexplore-f513a-default-rtdb.asia-southeast1.firebasedatabase.app/.settings/rules.json 200
[debug] [2023-11-01T10:28:48.198Z] <<< [apiv2][body] GET https://extendexplore-f513a-default-rtdb.asia-southeast1.firebasedatabase.app/.settings/rules.json [stream]
[info] +  Database Rules for extendexplore-f513a-default-rtdb have been written to database.rules.json. 
[info] Future modifications to database.rules.json will update Realtime Database Security Rules when you run
[info] firebase deploy.
[info] 
=== Firestore Setup
[debug] [2023-11-01T10:28:48.203Z] >>> [apiv2][query] GET https://serviceusage.googleapis.com/v1/projects/extendexplore-f513a/services/firestore.googleapis.com [none]
[debug] [2023-11-01T10:28:48.203Z] >>> [apiv2][(partial)header] GET https://serviceusage.googleapis.com/v1/projects/extendexplore-f513a/services/firestore.googleapis.com x-goog-quota-user=projects/extendexplore-f513a
[debug] [2023-11-01T10:28:48.621Z] <<< [apiv2][status] GET https://serviceusage.googleapis.com/v1/projects/extendexplore-f513a/services/firestore.googleapis.com 200
[debug] [2023-11-01T10:28:48.621Z] <<< [apiv2][body] GET https://serviceusage.googleapis.com/v1/projects/extendexplore-f513a/services/firestore.googleapis.com [omitted]
[debug] [2023-11-01T10:28:48.621Z] >>> [apiv2][query] GET https://firestore.googleapis.com/v1/projects/extendexplore-f513a/databases/(default) [none]
[debug] [2023-11-01T10:28:48.981Z] <<< [apiv2][status] GET https://firestore.googleapis.com/v1/projects/extendexplore-f513a/databases/(default) 200
[debug] [2023-11-01T10:28:48.982Z] <<< [apiv2][body] GET https://firestore.googleapis.com/v1/projects/extendexplore-f513a/databases/(default) {"name":"projects/extendexplore-f513a/databases/(default)","uid":"8d256e00-a364-43c9-ab12-d5f0b4706cf3","createTime":"2023-11-01T10:20:11.166925Z","updateTime":"2023-11-01T10:20:11.166925Z","locationId":"asia-south1","type":"FIRESTORE_NATIVE","concurrencyMode":"PESSIMISTIC","versionRetentionPeriod":"3600s","earliestVersionTime":"2023-11-01T10:20:11.166925Z","appEngineIntegrationMode":"DISABLED","keyPrefix":"j","pointInTimeRecoveryEnablement":"POINT_IN_TIME_RECOVERY_DISABLED","deleteProtectionState":"DELETE_PROTECTION_DISABLED","etag":"INmt2ubLooIDMML8+YvKooID"}
[debug] [2023-11-01T10:28:48.982Z] database_type: FIRESTORE_NATIVE
[debug] [2023-11-01T10:28:48.982Z] > command requires scopes: ["email","openid","https://www.googleapis.com/auth/cloudplatformprojects.readonly","https://www.googleapis.com/auth/firebase","https://www.googleapis.com/auth/cloud-platform"]
[debug] [2023-11-01T10:28:48.983Z] > authorizing via signed-in user (warp.rx@gmail.com)
[debug] [2023-11-01T10:28:48.983Z] [iam] checking project extendexplore-f513a for permissions ["firebase.projects.get"]
[debug] [2023-11-01T10:28:48.983Z] >>> [apiv2][query] POST https://cloudresourcemanager.googleapis.com/v1/projects/extendexplore-f513a:testIamPermissions [none]
[debug] [2023-11-01T10:28:48.983Z] >>> [apiv2][(partial)header] POST https://cloudresourcemanager.googleapis.com/v1/projects/extendexplore-f513a:testIamPermissions x-goog-quota-user=projects/extendexplore-f513a
[debug] [2023-11-01T10:28:48.983Z] >>> [apiv2][body] POST https://cloudresourcemanager.googleapis.com/v1/projects/extendexplore-f513a:testIamPermissions {"permissions":["firebase.projects.get"]}
[debug] [2023-11-01T10:28:50.483Z] <<< [apiv2][status] POST https://cloudresourcemanager.googleapis.com/v1/projects/extendexplore-f513a:testIamPermissions 200
[debug] [2023-11-01T10:28:50.484Z] <<< [apiv2][body] POST https://cloudresourcemanager.googleapis.com/v1/projects/extendexplore-f513a:testIamPermissions {"permissions":["firebase.projects.get"]}
[info] 
[info] Firestore Security Rules allow you to define how and when to allow
[info] requests. You can keep these rules in your project directory
[info] and publish them with firebase deploy.
[info] 
[debug] [2023-11-01T10:28:51.614Z] >>> [apiv2][query] GET https://firebaserules.googleapis.com/v1/projects/extendexplore-f513a/releases pageSize=10&pageToken=
[debug] [2023-11-01T10:28:53.186Z] <<< [apiv2][status] GET https://firebaserules.googleapis.com/v1/projects/extendexplore-f513a/releases 200
[debug] [2023-11-01T10:28:53.186Z] <<< [apiv2][body] GET https://firebaserules.googleapis.com/v1/projects/extendexplore-f513a/releases {"releases":[{"name":"projects/extendexplore-f513a/releases/cloud.firestore","rulesetName":"projects/extendexplore-f513a/rulesets/76c78018-7105-4d21-88a2-2595fdd3f2da","createTime":"2023-11-01T10:20:17.603271Z","updateTime":"2023-11-01T10:20:17.603271Z"},{"name":"projects/extendexplore-f513a/releases/firebase.storage/extendexplore-f513a.appspot.com","rulesetName":"projects/extendexplore-f513a/rulesets/53b44f54-6616-4fdf-ae21-77a01f5181b9","createTime":"2023-11-01T10:26:25.658539Z","updateTime":"2023-11-01T10:26:25.658539Z"}]}
[debug] [2023-11-01T10:28:53.203Z] Found ruleset: projects/extendexplore-f513a/rulesets/76c78018-7105-4d21-88a2-2595fdd3f2da
[debug] [2023-11-01T10:28:53.203Z] >>> [apiv2][query] GET https://firebaserules.googleapis.com/v1/projects/extendexplore-f513a/rulesets/76c78018-7105-4d21-88a2-2595fdd3f2da [none]
[debug] [2023-11-01T10:28:54.576Z] <<< [apiv2][status] GET https://firebaserules.googleapis.com/v1/projects/extendexplore-f513a/rulesets/76c78018-7105-4d21-88a2-2595fdd3f2da 200
[debug] [2023-11-01T10:28:54.576Z] <<< [apiv2][body] GET https://firebaserules.googleapis.com/v1/projects/extendexplore-f513a/rulesets/76c78018-7105-4d21-88a2-2595fdd3f2da [omitted]
[info] 
[info] Firestore indexes allow you to perform complex queries while
[info] maintaining performance that scales with the size of the result
[info] set. You can keep index definitions in your project directory
[info] and publish them with firebase deploy.
[info] 
[debug] [2023-11-01T10:28:55.831Z] >>> [apiv2][query] GET https://firestore.googleapis.com/v1/projects/extendexplore-f513a/databases/(default)/collectionGroups/-/indexes [none]
[debug] [2023-11-01T10:28:55.833Z] >>> [apiv2][query] GET https://firestore.googleapis.com/v1/projects/extendexplore-f513a/databases/(default)/collectionGroups/-/fields?filter=indexConfig.usesAncestorConfig=false OR ttlConfig:* [none]
[debug] [2023-11-01T10:28:56.111Z] <<< [apiv2][status] GET https://firestore.googleapis.com/v1/projects/extendexplore-f513a/databases/(default)/collectionGroups/-/indexes 200
[debug] [2023-11-01T10:28:56.111Z] <<< [apiv2][body] GET https://firestore.googleapis.com/v1/projects/extendexplore-f513a/databases/(default)/collectionGroups/-/indexes {}
[debug] [2023-11-01T10:28:56.167Z] <<< [apiv2][status] GET https://firestore.googleapis.com/v1/projects/extendexplore-f513a/databases/(default)/collectionGroups/-/fields?filter=indexConfig.usesAncestorConfig=false OR ttlConfig:* 200
[debug] [2023-11-01T10:28:56.168Z] <<< [apiv2][body] GET https://firestore.googleapis.com/v1/projects/extendexplore-f513a/databases/(default)/collectionGroups/-/fields?filter=indexConfig.usesAncestorConfig=false OR ttlConfig:* {"fields":[{"name":"projects/extendexplore-f513a/databases/(default)/collectionGroups/__default__/fields/*","indexConfig":{"indexes":[{"queryScope":"COLLECTION","fields":[{"fieldPath":"*","order":"ASCENDING"}],"state":"READY"},{"queryScope":"COLLECTION","fields":[{"fieldPath":"*","order":"DESCENDING"}],"state":"READY"},{"queryScope":"COLLECTION","fields":[{"fieldPath":"*","arrayConfig":"CONTAINS"}],"state":"READY"}]}}]}
[info] 
=== Functions Setup
[debug] [2023-11-01T10:28:56.171Z] > command requires scopes: ["email","openid","https://www.googleapis.com/auth/cloudplatformprojects.readonly","https://www.googleapis.com/auth/firebase","https://www.googleapis.com/auth/cloud-platform"]
[debug] [2023-11-01T10:28:56.171Z] > authorizing via signed-in user (warp.rx@gmail.com)
[debug] [2023-11-01T10:28:56.171Z] [iam] checking project extendexplore-f513a for permissions ["firebase.projects.get"]
[debug] [2023-11-01T10:28:56.171Z] >>> [apiv2][query] POST https://cloudresourcemanager.googleapis.com/v1/projects/extendexplore-f513a:testIamPermissions [none]
[debug] [2023-11-01T10:28:56.171Z] >>> [apiv2][(partial)header] POST https://cloudresourcemanager.googleapis.com/v1/projects/extendexplore-f513a:testIamPermissions x-goog-quota-user=projects/extendexplore-f513a
[debug] [2023-11-01T10:28:56.171Z] >>> [apiv2][body] POST https://cloudresourcemanager.googleapis.com/v1/projects/extendexplore-f513a:testIamPermissions {"permissions":["firebase.projects.get"]}
[debug] [2023-11-01T10:28:57.649Z] <<< [apiv2][status] POST https://cloudresourcemanager.googleapis.com/v1/projects/extendexplore-f513a:testIamPermissions 200
[debug] [2023-11-01T10:28:57.650Z] <<< [apiv2][body] POST https://cloudresourcemanager.googleapis.com/v1/projects/extendexplore-f513a:testIamPermissions {"permissions":["firebase.projects.get"]}
[debug] [2023-11-01T10:28:57.650Z] >>> [apiv2][query] GET https://serviceusage.googleapis.com/v1/projects/extendexplore-f513a/services/cloudfunctions.googleapis.com [none]
[debug] [2023-11-01T10:28:57.650Z] >>> [apiv2][(partial)header] GET https://serviceusage.googleapis.com/v1/projects/extendexplore-f513a/services/cloudfunctions.googleapis.com x-goog-quota-user=projects/extendexplore-f513a
[debug] [2023-11-01T10:28:57.652Z] >>> [apiv2][query] GET https://serviceusage.googleapis.com/v1/projects/extendexplore-f513a/services/runtimeconfig.googleapis.com [none]
[debug] [2023-11-01T10:28:57.653Z] >>> [apiv2][(partial)header] GET https://serviceusage.googleapis.com/v1/projects/extendexplore-f513a/services/runtimeconfig.googleapis.com x-goog-quota-user=projects/extendexplore-f513a
[debug] [2023-11-01T10:28:59.515Z] <<< [apiv2][status] GET https://serviceusage.googleapis.com/v1/projects/extendexplore-f513a/services/runtimeconfig.googleapis.com 200
[debug] [2023-11-01T10:28:59.515Z] <<< [apiv2][body] GET https://serviceusage.googleapis.com/v1/projects/extendexplore-f513a/services/runtimeconfig.googleapis.com [omitted]
[debug] [2023-11-01T10:28:59.574Z] <<< [apiv2][status] GET https://serviceusage.googleapis.com/v1/projects/extendexplore-f513a/services/cloudfunctions.googleapis.com 200
[debug] [2023-11-01T10:28:59.574Z] <<< [apiv2][body] GET https://serviceusage.googleapis.com/v1/projects/extendexplore-f513a/services/cloudfunctions.googleapis.com [omitted]
[info] Let's create a new codebase for your functions.
[info] A directory corresponding to the codebase will be created in your project
[info] with sample code pre-configured.

[info] See https://firebase.google.com/docs/functions/organize-functions for
[info] more information on organizing your functions using codebases.

[info] Functions can be deployed with firebase deploy.

[info] +  Wrote functions/package.json 
[info] +  Wrote functions/.eslintrc.js 
[info] +  Wrote functions/index.js 
[info] +  Wrote functions/.gitignore 
[info] 
=== Hosting Setup
[info] 
[info] Your public directory is the folder (relative to your project directory) that
[info] will contain Hosting assets to be uploaded with firebase deploy. If you
[info] have a build process for your assets, use your build's output directory.
[info] 
[debug] [2023-11-01T10:30:04.665Z] >>> [apiv2][query] GET https://www.gstatic.com/firebasejs/releases.json [none]
[debug] [2023-11-01T10:30:04.875Z] <<< [apiv2][status] GET https://www.gstatic.com/firebasejs/releases.json 200
[debug] [2023-11-01T10:30:04.875Z] <<< [apiv2][body] GET https://www.gstatic.com/firebasejs/releases.json {"current":{"version":"10.5.2","browserURL":"https://www.gstatic.com/firebasejs/10.5.2/firebase.js","packageURL":"https://www.gstatic.com/firebasejs/10.5.2/firebase.tgz"},"live":{"version":"10.5","browserURL":"https://www.gstatic.com/firebasejs/live/10.5/firebase.js","packageURL":"https://www.gstatic.com/firebasejs/live/10.5/firebase.tgz"},"components":{"analytics":"https://www.gstatic.com/firebasejs/10.5.2/firebase-analytics.js","app":"https://www.gstatic.com/firebasejs/10.5.2/firebase-app.js","app-check":"https://www.gstatic.com/firebasejs/10.5.2/firebase-app-check.js","auth":"https://www.gstatic.com/firebasejs/10.5.2/firebase-auth.js","auth/cordova":"https://www.gstatic.com/firebasejs/10.5.2/firebase-auth/cordova.js","functions":"https://www.gstatic.com/firebasejs/10.5.2/firebase-functions.js","firestore":"https://www.gstatic.com/firebasejs/10.5.2/firebase-firestore.js","firestore/lite":"https://www.gstatic.com/firebasejs/10.5.2/firebase-firestore/lite.js","installations":"https://www.gstatic.com/firebasejs/10.5.2/firebase-installations.js","storage":"https://www.gstatic.com/firebasejs/10.5.2/firebase-storage.js","performance":"https://www.gstatic.com/firebasejs/10.5.2/firebase-performance.js","remote-config":"https://www.gstatic.com/firebasejs/10.5.2/firebase-remote-config.js","messaging":"https://www.gstatic.com/firebasejs/10.5.2/firebase-messaging.js","messaging/sw":"https://www.gstatic.com/firebasejs/10.5.2/firebase-messaging/sw.js","database":"https://www.gstatic.com/firebasejs/10.5.2/firebase-database.js","firestore.memory":"https://www.gstatic.com/firebasejs/10.5.2/firebase-firestore.memory.js"}}
[info] +  Wrote public/index.html 
[info] 
[info] i  Didn't detect a .git folder. Assuming D:\ExploreExtend is the project root. 
[info] i  Authorizing with GitHub to upload your service account to a GitHub repository's secrets store. 
[info] 
[info] Visit this URL on this device to log in:
[info] https://github.com/login/oauth/authorize?client_id=89cf50f02ac6aaed3484&state=373561748&redirect_uri=http%3A%2F%2Flocalhost%3A9005&scope=read%3Auser%20repo%20public_repo
[info] 
[info] Waiting for authentication...
[debug] [2023-11-01T10:30:11.438Z] >>> [apiv2][query] POST https://github.com/login/oauth/access_token [none]
[debug] [2023-11-01T10:30:11.439Z] >>> [apiv2][body] POST https://github.com/login/oauth/access_token [stream]
[debug] [2023-11-01T10:30:11.920Z] <<< [apiv2][status] POST https://github.com/login/oauth/access_token 200
[debug] [2023-11-01T10:30:11.920Z] <<< [apiv2][body] POST https://github.com/login/oauth/access_token {"access_token":"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","token_type":"bearer","scope":"read:user,repo"}
[debug] [2023-11-01T10:30:11.927Z] >>> [apiv2][query] GET https://api.github.com/user [none]
[debug] [2023-11-01T10:30:12.352Z] <<< [apiv2][status] GET https://api.github.com/user 200
[debug] [2023-11-01T10:30:12.352Z] <<< [apiv2][body] GET https://api.github.com/user {"login":"auth-ssl","id":111557161,"node_id":"U_kgDOBqY6KQ","avatar_url":"https://avatars.githubusercontent.com/u/111557161?v=4","gravatar_id":"","url":"https://api.github.com/users/auth-ssl","html_url":"https://github.com/auth-ssl","followers_url":"https://api.github.com/users/auth-ssl/followers","following_url":"https://api.github.com/users/auth-ssl/following{/other_user}","gists_url":"https://api.github.com/users/auth-ssl/gists{/gist_id}","starred_url":"https://api.github.com/users/auth-ssl/starred{/owner}{/repo}","subscriptions_url":"https://api.github.com/users/auth-ssl/subscriptions","organizations_url":"https://api.github.com/users/auth-ssl/orgs","repos_url":"https://api.github.com/users/auth-ssl/repos","events_url":"https://api.github.com/users/auth-ssl/events{/privacy}","received_events_url":"https://api.github.com/users/auth-ssl/received_events","type":"User","site_admin":false,"name":"Auth","company":null,"blog":"","location":null,"email":null,"hireable":true,"bio":null,"twitter_username":"warp_ssh","public_repos":7,"public_gists":0,"followers":0,"following":0,"created_at":"2022-08-19T05:35:18Z","updated_at":"2023-10-25T17:55:39Z","private_gists":0,"total_private_repos":0,"owned_private_repos":0,"disk_usage":25395,"collaborators":0,"two_factor_authentication":false,"plan":{"name":"pro","space":976562499,"collaborators":0,"private_repos":9999}}
[info] 
[info] +  Success! Logged into GitHub as auth-ssl 
[info] 
